\BOOKMARK [1][-]{section.1}{\376\377\122\044\122\053\122\006\147\220}{}% 1
\BOOKMARK [2][-]{subsection.1.1}{\376\377\225\356\230\230\200\314\146\157}{section.1}% 2
\BOOKMARK [2][-]{subsection.1.2}{\376\377\215\335\171\273\122\044\122\053}{section.1}% 3
\BOOKMARK [3][-]{subsubsection.1.2.1}{\376\377\152\041\127\213\123\237\164\006}{subsection.1.2}% 4
\BOOKMARK [3][-]{subsubsection.1.2.2}{\376\377\116\343\170\001\133\236\215\365}{subsection.1.2}% 5
\BOOKMARK [2][-]{subsection.1.3}{\376\377\000B\000a\000y\000e\000s\122\044\122\053}{section.1}% 6
\BOOKMARK [3][-]{subsubsection.1.3.1}{\376\377\122\044\122\053\121\306\122\031}{subsection.1.3}% 7
\BOOKMARK [3][-]{subsubsection.1.3.2}{\376\377\153\143\140\001\140\073\117\123\166\204\000B\000a\000y\000e\000s\122\044\122\053}{subsection.1.3}% 8
\BOOKMARK [3][-]{subsubsection.1.3.3}{\376\377\136\177\116\111\136\163\145\271\215\335\171\273}{subsection.1.3}% 9
\BOOKMARK [3][-]{subsubsection.1.3.4}{\376\377\116\343\170\001\133\236\215\365}{subsection.1.3}% 10
\BOOKMARK [2][-]{subsection.1.4}{\376\377\000F\000i\000s\000h\000e\000r\122\044\122\053\154\325}{section.1}% 11
\BOOKMARK [3][-]{subsubsection.1.4.1}{\376\377\116\044\140\073\117\123\000F\000i\000s\000h\000e\000r\122\044\122\053}{subsection.1.4}% 12
\BOOKMARK [3][-]{subsubsection.1.4.2}{\376\377\131\032\140\073\117\123\000F\000i\000s\000h\000e\000r\122\044\122\053}{subsection.1.4}% 13
\BOOKMARK [3][-]{subsubsection.1.4.3}{\376\377\116\343\170\001\133\236\215\365}{subsection.1.4}% 14
\BOOKMARK [1][-]{section.2}{\376\377\145\057\143\001\124\021\221\317\147\072}{}% 15
\BOOKMARK [2][-]{subsection.2.1}{\376\377\123\237\164\006\173\200\116\313}{section.2}% 16
\BOOKMARK [2][-]{subsection.2.2}{\376\377\116\343\170\001\133\236\215\365}{section.2}% 17
\BOOKMARK [3][-]{subsubsection.2.2.1}{\376\377\000L\000D\000A\000\040\000v\000s\000\040\000S\000V\000C}{subsection.2.2}% 18
\BOOKMARK [3][-]{subsubsection.2.2.2}{\376\377\131\032\230\171\137\017\000S\000V\000M}{subsection.2.2}% 19
\BOOKMARK [3][-]{subsubsection.2.2.3}{\376\377\137\204\124\021\150\070\000S\000V\000M}{subsection.2.2}% 20
\BOOKMARK [1][-]{appendix.a.A}{\376\377\220\350\122\006\172\013\136\217\217\223\121\372}{}% 21
